<?xml version="1.0" encoding="UTF-8"?>
<!-- Generated by org.testng.reporters.JUnitReportReporter -->
<testsuite skipped="0" hostname="DESKTOP-2G2HB6F" name="soFi.TMDB.Api.Test.HowToWritePropertyFile" tests="1" failures="0" timestamp="14 Apr 2018 04:03:28 GMT" time="0.020" errors="0">
  <testcase name="writePropertyFile" time="0.020" classname="soFi.TMDB.Api.Test.HowToWritePropertyFile"/>
</testsuite> <!-- soFi.TMDB.Api.Test.HowToWritePropertyFile -->
