<?xml version="1.0" encoding="UTF-8"?>
<!-- Generated by org.testng.reporters.JUnitReportReporter -->
<testsuite skipped="0" hostname="DESKTOP-2G2HB6F" name="soFi.TMDB.Api.Test.HowToReadProperties" tests="1" failures="0" timestamp="14 Apr 2018 06:21:08 GMT" time="0.009" errors="0">
  <testcase name="writePropertyFile" time="0.009" classname="soFi.TMDB.Api.Test.HowToReadProperties"/>
</testsuite> <!-- soFi.TMDB.Api.Test.HowToReadProperties -->
