<?xml version="1.0" encoding="UTF-8"?>
<!-- Generated by org.testng.reporters.JUnitReportReporter -->
<testsuite skipped="0" hostname="DESKTOP-2G2HB6F" name="soFi.TMDB.Api.Test.SampleTest" tests="1" failures="0" timestamp="13 Apr 2018 07:36:25 GMT" time="0.014" errors="0">
  <testcase name="helloMethod" time="0.014" classname="soFi.TMDB.Api.Test.SampleTest"/>
</testsuite> <!-- soFi.TMDB.Api.Test.SampleTest -->
